{"total": {"lines":{"total":4474,"covered":4428,"skipped":0,"pct":98.97},"statements":{"total":5335,"covered":5265,"skipped":0,"pct":98.68},"functions":{"total":1272,"covered":1241,"skipped":0,"pct":97.56},"branches":{"total":2914,"covered":2855,"skipped":0,"pct":97.97},"branchesTrue":{"total":0,"covered":0,"skipped":0,"pct":100}}
,"/Users/m.niksztat/Projects/private/ownbrowser/src/main/startup-flags.ts": {"lines":{"total":11,"covered":11,"skipped":0,"pct":100},"functions":{"total":3,"covered":3,"skipped":0,"pct":100},"statements":{"total":12,"covered":12,"skipped":0,"pct":100},"branches":{"total":8,"covered":8,"skipped":0,"pct":100}}
,"/Users/m.niksztat/Projects/private/ownbrowser/src/main/browser/SplitController.ts": {"lines":{"total":88,"covered":88,"skipped":0,"pct":100},"functions":{"total":40,"covered":40,"skipped":0,"pct":100},"statements":{"total":107,"covered":107,"skipped":0,"pct":100},"branches":{"total":66,"covered":66,"skipped":0,"pct":100}}
,"/Users/m.niksztat/Projects/private/ownbrowser/src/main/browser/TabDragController.ts": {"lines":{"total":32,"covered":32,"skipped":0,"pct":100},"functions":{"total":9,"covered":9,"skipped":0,"pct":100},"statements":{"total":41,"covered":39,"skipped":0,"pct":95.12},"branches":{"total":24,"covered":22,"skipped":0,"pct":91.66}}
,"/Users/m.niksztat/Projects/private/ownbrowser/src/main/browser/TabGroupController.ts": {"lines":{"total":31,"covered":31,"skipped":0,"pct":100},"functions":{"total":14,"covered":14,"skipped":0,"pct":100},"statements":{"total":32,"covered":32,"skipped":0,"pct":100},"branches":{"total":8,"covered":7,"skipped":0,"pct":87.5}}
,"/Users/m.niksztat/Projects/private/ownbrowser/src/main/browser/TileAudioController.ts": {"lines":{"total":7,"covered":0,"skipped":0,"pct":0},"functions":{"total":3,"covered":0,"skipped":0,"pct":0},"statements":{"total":8,"covered":0,"skipped":0,"pct":0},"branches":{"total":0,"covered":0,"skipped":0,"pct":100}}
,"/Users/m.niksztat/Projects/private/ownbrowser/src/main/browser/TileFullscreenController.ts": {"lines":{"total":23,"covered":23,"skipped":0,"pct":100},"functions":{"total":6,"covered":6,"skipped":0,"pct":100},"statements":{"total":25,"covered":25,"skipped":0,"pct":100},"branches":{"total":12,"covered":9,"skipped":0,"pct":75}}
,"/Users/m.niksztat/Projects/private/ownbrowser/src/main/browser/TileInputController.ts": {"lines":{"total":10,"covered":0,"skipped":0,"pct":0},"functions":{"total":4,"covered":0,"skipped":0,"pct":0},"statements":{"total":14,"covered":0,"skipped":0,"pct":0},"branches":{"total":10,"covered":0,"skipped":0,"pct":0}}
,"/Users/m.niksztat/Projects/private/ownbrowser/src/main/browser/TileOccupancyController.ts": {"lines":{"total":32,"covered":32,"skipped":0,"pct":100},"functions":{"total":10,"covered":10,"skipped":0,"pct":100},"statements":{"total":43,"covered":43,"skipped":0,"pct":100},"branches":{"total":24,"covered":23,"skipped":0,"pct":95.83}}
,"/Users/m.niksztat/Projects/private/ownbrowser/src/main/browser/window-options.ts": {"lines":{"total":5,"covered":5,"skipped":0,"pct":100},"functions":{"total":1,"covered":1,"skipped":0,"pct":100},"statements":{"total":5,"covered":5,"skipped":0,"pct":100},"branches":{"total":6,"covered":6,"skipped":0,"pct":100}}
,"/Users/m.niksztat/Projects/private/ownbrowser/src/main/crypto/envelope.ts": {"lines":{"total":24,"covered":24,"skipped":0,"pct":100},"functions":{"total":3,"covered":3,"skipped":0,"pct":100},"statements":{"total":24,"covered":24,"skipped":0,"pct":100},"branches":{"total":8,"covered":8,"skipped":0,"pct":100}}
,"/Users/m.niksztat/Projects/private/ownbrowser/src/main/crypto/local-data-key.ts": {"lines":{"total":31,"covered":31,"skipped":0,"pct":100},"functions":{"total":6,"covered":6,"skipped":0,"pct":100},"statements":{"total":34,"covered":34,"skipped":0,"pct":100},"branches":{"total":10,"covered":10,"skipped":0,"pct":100}}
,"/Users/m.niksztat/Projects/private/ownbrowser/src/main/data/ExtensionStore.ts": {"lines":{"total":28,"covered":28,"skipped":0,"pct":100},"functions":{"total":13,"covered":13,"skipped":0,"pct":100},"statements":{"total":34,"covered":34,"skipped":0,"pct":100},"branches":{"total":12,"covered":10,"skipped":0,"pct":83.33}}
,"/Users/m.niksztat/Projects/private/ownbrowser/src/main/data/FaviconStore.ts": {"lines":{"total":102,"covered":102,"skipped":0,"pct":100},"functions":{"total":23,"covered":23,"skipped":0,"pct":100},"statements":{"total":118,"covered":118,"skipped":0,"pct":100},"branches":{"total":40,"covered":40,"skipped":0,"pct":100}}
,"/Users/m.niksztat/Projects/private/ownbrowser/src/main/data/HistoryStore.ts": {"lines":{"total":36,"covered":36,"skipped":0,"pct":100},"functions":{"total":27,"covered":27,"skipped":0,"pct":100},"statements":{"total":50,"covered":50,"skipped":0,"pct":100},"branches":{"total":15,"covered":15,"skipped":0,"pct":100}}
,"/Users/m.niksztat/Projects/private/ownbrowser/src/main/data/JsonStore.ts": {"lines":{"total":76,"covered":74,"skipped":0,"pct":97.36},"functions":{"total":14,"covered":13,"skipped":0,"pct":92.85},"statements":{"total":78,"covered":76,"skipped":0,"pct":97.43},"branches":{"total":30,"covered":28,"skipped":0,"pct":93.33}}
,"/Users/m.niksztat/Projects/private/ownbrowser/src/main/data/PermissionStore.ts": {"lines":{"total":37,"covered":37,"skipped":0,"pct":100},"functions":{"total":21,"covered":21,"skipped":0,"pct":100},"statements":{"total":42,"covered":42,"skipped":0,"pct":100},"branches":{"total":10,"covered":8,"skipped":0,"pct":80}}
,"/Users/m.niksztat/Projects/private/ownbrowser/src/main/data/QuickLinkStore.ts": {"lines":{"total":25,"covered":25,"skipped":0,"pct":100},"functions":{"total":20,"covered":20,"skipped":0,"pct":100},"statements":{"total":34,"covered":32,"skipped":0,"pct":94.11},"branches":{"total":12,"covered":9,"skipped":0,"pct":75}}
,"/Users/m.niksztat/Projects/private/ownbrowser/src/main/data/TabGroupStore.ts": {"lines":{"total":57,"covered":57,"skipped":0,"pct":100},"functions":{"total":43,"covered":43,"skipped":0,"pct":100},"statements":{"total":69,"covered":69,"skipped":0,"pct":100},"branches":{"total":10,"covered":10,"skipped":0,"pct":100}}
,"/Users/m.niksztat/Projects/private/ownbrowser/src/main/data/ThumbnailStore.ts": {"lines":{"total":115,"covered":115,"skipped":0,"pct":100},"functions":{"total":29,"covered":29,"skipped":0,"pct":100},"statements":{"total":136,"covered":136,"skipped":0,"pct":100},"branches":{"total":52,"covered":52,"skipped":0,"pct":100}}
,"/Users/m.niksztat/Projects/private/ownbrowser/src/main/data/UserRuleStore.ts": {"lines":{"total":83,"covered":83,"skipped":0,"pct":100},"functions":{"total":45,"covered":45,"skipped":0,"pct":100},"statements":{"total":99,"covered":99,"skipped":0,"pct":100},"branches":{"total":28,"covered":28,"skipped":0,"pct":100}}
,"/Users/m.niksztat/Projects/private/ownbrowser/src/main/data/encrypted-codec.ts": {"lines":{"total":11,"covered":11,"skipped":0,"pct":100},"functions":{"total":4,"covered":4,"skipped":0,"pct":100},"statements":{"total":11,"covered":11,"skipped":0,"pct":100},"branches":{"total":4,"covered":4,"skipped":0,"pct":100}}
,"/Users/m.niksztat/Projects/private/ownbrowser/src/main/data/local-data-protection.ts": {"lines":{"total":13,"covered":13,"skipped":0,"pct":100},"functions":{"total":2,"covered":2,"skipped":0,"pct":100},"statements":{"total":13,"covered":13,"skipped":0,"pct":100},"branches":{"total":4,"covered":4,"skipped":0,"pct":100}}
,"/Users/m.niksztat/Projects/private/ownbrowser/src/main/ipc/sender-policy.ts": {"lines":{"total":23,"covered":23,"skipped":0,"pct":100},"functions":{"total":4,"covered":4,"skipped":0,"pct":100},"statements":{"total":29,"covered":29,"skipped":0,"pct":100},"branches":{"total":22,"covered":22,"skipped":0,"pct":100}}
,"/Users/m.niksztat/Projects/private/ownbrowser/src/main/media/MediaDownloader.ts": {"lines":{"total":113,"covered":112,"skipped":0,"pct":99.11},"functions":{"total":16,"covered":16,"skipped":0,"pct":100},"statements":{"total":122,"covered":121,"skipped":0,"pct":99.18},"branches":{"total":72,"covered":72,"skipped":0,"pct":100}}
,"/Users/m.niksztat/Projects/private/ownbrowser/src/main/media/MediaRegistry.ts": {"lines":{"total":79,"covered":79,"skipped":0,"pct":100},"functions":{"total":25,"covered":25,"skipped":0,"pct":100},"statements":{"total":89,"covered":89,"skipped":0,"pct":100},"branches":{"total":46,"covered":46,"skipped":0,"pct":100}}
,"/Users/m.niksztat/Projects/private/ownbrowser/src/main/media/MediaService.ts": {"lines":{"total":33,"covered":33,"skipped":0,"pct":100},"functions":{"total":14,"covered":14,"skipped":0,"pct":100},"statements":{"total":36,"covered":36,"skipped":0,"pct":100},"branches":{"total":12,"covered":12,"skipped":0,"pct":100}}
,"/Users/m.niksztat/Projects/private/ownbrowser/src/main/media/MediaSessions.ts": {"lines":{"total":26,"covered":26,"skipped":0,"pct":100},"functions":{"total":12,"covered":12,"skipped":0,"pct":100},"statements":{"total":31,"covered":31,"skipped":0,"pct":100},"branches":{"total":12,"covered":12,"skipped":0,"pct":100}}
,"/Users/m.niksztat/Projects/private/ownbrowser/src/main/media/fetch.ts": {"lines":{"total":11,"covered":11,"skipped":0,"pct":100},"functions":{"total":2,"covered":2,"skipped":0,"pct":100},"statements":{"total":13,"covered":13,"skipped":0,"pct":100},"branches":{"total":12,"covered":12,"skipped":0,"pct":100}}
,"/Users/m.niksztat/Projects/private/ownbrowser/src/main/media/observation.ts": {"lines":{"total":19,"covered":19,"skipped":0,"pct":100},"functions":{"total":4,"covered":4,"skipped":0,"pct":100},"statements":{"total":24,"covered":24,"skipped":0,"pct":100},"branches":{"total":14,"covered":14,"skipped":0,"pct":100}}
,"/Users/m.niksztat/Projects/private/ownbrowser/src/main/menu/blocker-menu-items.ts": {"lines":{"total":9,"covered":6,"skipped":0,"pct":66.66},"functions":{"total":6,"covered":2,"skipped":0,"pct":33.33},"statements":{"total":11,"covered":7,"skipped":0,"pct":63.63},"branches":{"total":4,"covered":4,"skipped":0,"pct":100}}
,"/Users/m.niksztat/Projects/private/ownbrowser/src/main/menu/blockerMenu.ts": {"lines":{"total":1,"covered":0,"skipped":0,"pct":0},"functions":{"total":1,"covered":0,"skipped":0,"pct":0},"statements":{"total":1,"covered":0,"skipped":0,"pct":0},"branches":{"total":0,"covered":0,"skipped":0,"pct":100}}
,"/Users/m.niksztat/Projects/private/ownbrowser/src/main/menu/page-context-items.ts": {"lines":{"total":29,"covered":22,"skipped":0,"pct":75.86},"functions":{"total":14,"covered":4,"skipped":0,"pct":28.57},"statements":{"total":34,"covered":24,"skipped":0,"pct":70.58},"branches":{"total":17,"covered":17,"skipped":0,"pct":100}}
,"/Users/m.niksztat/Projects/private/ownbrowser/src/main/menu/pageContextMenu.ts": {"lines":{"total":1,"covered":0,"skipped":0,"pct":0},"functions":{"total":1,"covered":0,"skipped":0,"pct":0},"statements":{"total":1,"covered":0,"skipped":0,"pct":0},"branches":{"total":0,"covered":0,"skipped":0,"pct":100}}
,"/Users/m.niksztat/Projects/private/ownbrowser/src/main/menu/tab-context-items.ts": {"lines":{"total":21,"covered":16,"skipped":0,"pct":76.19},"functions":{"total":12,"covered":7,"skipped":0,"pct":58.33},"statements":{"total":23,"covered":18,"skipped":0,"pct":78.26},"branches":{"total":8,"covered":8,"skipped":0,"pct":100}}
,"/Users/m.niksztat/Projects/private/ownbrowser/src/main/permissions/PermissionArbiter.ts": {"lines":{"total":62,"covered":60,"skipped":0,"pct":96.77},"functions":{"total":18,"covered":17,"skipped":0,"pct":94.44},"statements":{"total":78,"covered":73,"skipped":0,"pct":93.58},"branches":{"total":44,"covered":37,"skipped":0,"pct":84.09}}
,"/Users/m.niksztat/Projects/private/ownbrowser/src/main/permissions/model.ts": {"lines":{"total":21,"covered":21,"skipped":0,"pct":100},"functions":{"total":15,"covered":15,"skipped":0,"pct":100},"statements":{"total":32,"covered":32,"skipped":0,"pct":100},"branches":{"total":16,"covered":16,"skipped":0,"pct":100}}
,"/Users/m.niksztat/Projects/private/ownbrowser/src/main/permissions/vacancy.ts": {"lines":{"total":8,"covered":8,"skipped":0,"pct":100},"functions":{"total":3,"covered":3,"skipped":0,"pct":100},"statements":{"total":8,"covered":8,"skipped":0,"pct":100},"branches":{"total":0,"covered":0,"skipped":0,"pct":100}}
,"/Users/m.niksztat/Projects/private/ownbrowser/src/main/privacy/FilterEngine.ts": {"lines":{"total":43,"covered":43,"skipped":0,"pct":100},"functions":{"total":20,"covered":20,"skipped":0,"pct":100},"statements":{"total":49,"covered":49,"skipped":0,"pct":100},"branches":{"total":14,"covered":14,"skipped":0,"pct":100}}
,"/Users/m.niksztat/Projects/private/ownbrowser/src/main/privacy/FilterListStore.ts": {"lines":{"total":60,"covered":60,"skipped":0,"pct":100},"functions":{"total":11,"covered":11,"skipped":0,"pct":100},"statements":{"total":64,"covered":64,"skipped":0,"pct":100},"branches":{"total":20,"covered":20,"skipped":0,"pct":100}}
,"/Users/m.niksztat/Projects/private/ownbrowser/src/main/privacy/FilterSubscription.ts": {"lines":{"total":33,"covered":33,"skipped":0,"pct":100},"functions":{"total":16,"covered":16,"skipped":0,"pct":100},"statements":{"total":39,"covered":39,"skipped":0,"pct":100},"branches":{"total":14,"covered":14,"skipped":0,"pct":100}}
,"/Users/m.niksztat/Projects/private/ownbrowser/src/main/privacy/RequestPipeline.ts": {"lines":{"total":86,"covered":82,"skipped":0,"pct":95.34},"functions":{"total":22,"covered":22,"skipped":0,"pct":100},"statements":{"total":100,"covered":93,"skipped":0,"pct":93},"branches":{"total":67,"covered":61,"skipped":0,"pct":91.04}}
,"/Users/m.niksztat/Projects/private/ownbrowser/src/main/privacy/picker-chrome.ts": {"lines":{"total":3,"covered":3,"skipped":0,"pct":100},"functions":{"total":1,"covered":1,"skipped":0,"pct":100},"statements":{"total":3,"covered":3,"skipped":0,"pct":100},"branches":{"total":0,"covered":0,"skipped":0,"pct":100}}
,"/Users/m.niksztat/Projects/private/ownbrowser/src/main/session/headers.ts": {"lines":{"total":54,"covered":54,"skipped":0,"pct":100},"functions":{"total":7,"covered":7,"skipped":0,"pct":100},"statements":{"total":65,"covered":65,"skipped":0,"pct":100},"branches":{"total":46,"covered":46,"skipped":0,"pct":100}}
,"/Users/m.niksztat/Projects/private/ownbrowser/src/main/session/permission-policy.ts": {"lines":{"total":50,"covered":50,"skipped":0,"pct":100},"functions":{"total":8,"covered":8,"skipped":0,"pct":100},"statements":{"total":71,"covered":71,"skipped":0,"pct":100},"branches":{"total":56,"covered":56,"skipped":0,"pct":100}}
,"/Users/m.niksztat/Projects/private/ownbrowser/src/main/settings/SettingsStore.ts": {"lines":{"total":108,"covered":108,"skipped":0,"pct":100},"functions":{"total":25,"covered":25,"skipped":0,"pct":100},"statements":{"total":123,"covered":120,"skipped":0,"pct":97.56},"branches":{"total":53,"covered":50,"skipped":0,"pct":94.33}}
,"/Users/m.niksztat/Projects/private/ownbrowser/src/main/settings/describe.ts": {"lines":{"total":49,"covered":49,"skipped":0,"pct":100},"functions":{"total":11,"covered":11,"skipped":0,"pct":100},"statements":{"total":57,"covered":57,"skipped":0,"pct":100},"branches":{"total":59,"covered":58,"skipped":0,"pct":98.3}}
,"/Users/m.niksztat/Projects/private/ownbrowser/src/shared/model.ts": {"lines":{"total":10,"covered":10,"skipped":0,"pct":100},"functions":{"total":0,"covered":0,"skipped":0,"pct":100},"statements":{"total":10,"covered":10,"skipped":0,"pct":100},"branches":{"total":0,"covered":0,"skipped":0,"pct":100}}
,"/Users/m.niksztat/Projects/private/ownbrowser/src/shared/product.ts": {"lines":{"total":11,"covered":8,"skipped":0,"pct":72.72},"functions":{"total":2,"covered":1,"skipped":0,"pct":50},"statements":{"total":12,"covered":9,"skipped":0,"pct":75},"branches":{"total":4,"covered":3,"skipped":0,"pct":75}}
,"/Users/m.niksztat/Projects/private/ownbrowser/src/shared/extensions/model.ts": {"lines":{"total":3,"covered":3,"skipped":0,"pct":100},"functions":{"total":4,"covered":4,"skipped":0,"pct":100},"statements":{"total":4,"covered":4,"skipped":0,"pct":100},"branches":{"total":2,"covered":2,"skipped":0,"pct":100}}
,"/Users/m.niksztat/Projects/private/ownbrowser/src/shared/favicons/model.ts": {"lines":{"total":90,"covered":90,"skipped":0,"pct":100},"functions":{"total":26,"covered":26,"skipped":0,"pct":100},"statements":{"total":110,"covered":110,"skipped":0,"pct":100},"branches":{"total":62,"covered":62,"skipped":0,"pct":100}}
,"/Users/m.niksztat/Projects/private/ownbrowser/src/shared/filters/compile.ts": {"lines":{"total":2,"covered":2,"skipped":0,"pct":100},"functions":{"total":1,"covered":1,"skipped":0,"pct":100},"statements":{"total":2,"covered":2,"skipped":0,"pct":100},"branches":{"total":0,"covered":0,"skipped":0,"pct":100}}
,"/Users/m.niksztat/Projects/private/ownbrowser/src/shared/filters/cosmetic.ts": {"lines":{"total":79,"covered":79,"skipped":0,"pct":100},"functions":{"total":19,"covered":19,"skipped":0,"pct":100},"statements":{"total":92,"covered":92,"skipped":0,"pct":100},"branches":{"total":34,"covered":34,"skipped":0,"pct":100}}
,"/Users/m.niksztat/Projects/private/ownbrowser/src/shared/filters/features.ts": {"lines":{"total":143,"covered":143,"skipped":0,"pct":100},"functions":{"total":25,"covered":25,"skipped":0,"pct":100},"statements":{"total":166,"covered":166,"skipped":0,"pct":100},"branches":{"total":84,"covered":84,"skipped":0,"pct":100}}
,"/Users/m.niksztat/Projects/private/ownbrowser/src/shared/filters/identifiers.ts": {"lines":{"total":39,"covered":39,"skipped":0,"pct":100},"functions":{"total":16,"covered":16,"skipped":0,"pct":100},"statements":{"total":59,"covered":59,"skipped":0,"pct":100},"branches":{"total":48,"covered":48,"skipped":0,"pct":100}}
,"/Users/m.niksztat/Projects/private/ownbrowser/src/shared/filters/injection.ts": {"lines":{"total":28,"covered":28,"skipped":0,"pct":100},"functions":{"total":9,"covered":9,"skipped":0,"pct":100},"statements":{"total":35,"covered":35,"skipped":0,"pct":100},"branches":{"total":37,"covered":37,"skipped":0,"pct":100}}
,"/Users/m.niksztat/Projects/private/ownbrowser/src/shared/filters/model.ts": {"lines":{"total":10,"covered":10,"skipped":0,"pct":100},"functions":{"total":4,"covered":4,"skipped":0,"pct":100},"statements":{"total":10,"covered":10,"skipped":0,"pct":100},"branches":{"total":4,"covered":4,"skipped":0,"pct":100}}
,"/Users/m.niksztat/Projects/private/ownbrowser/src/shared/filters/network.ts": {"lines":{"total":175,"covered":175,"skipped":0,"pct":100},"functions":{"total":25,"covered":25,"skipped":0,"pct":100},"statements":{"total":227,"covered":227,"skipped":0,"pct":100},"branches":{"total":144,"covered":144,"skipped":0,"pct":100}}
,"/Users/m.niksztat/Projects/private/ownbrowser/src/shared/filters/parse.ts": {"lines":{"total":145,"covered":145,"skipped":0,"pct":100},"functions":{"total":17,"covered":17,"skipped":0,"pct":100},"statements":{"total":166,"covered":166,"skipped":0,"pct":100},"branches":{"total":107,"covered":107,"skipped":0,"pct":100}}
,"/Users/m.niksztat/Projects/private/ownbrowser/src/shared/filters/picker-wire.ts": {"lines":{"total":45,"covered":45,"skipped":0,"pct":100},"functions":{"total":8,"covered":8,"skipped":0,"pct":100},"statements":{"total":60,"covered":60,"skipped":0,"pct":100},"branches":{"total":48,"covered":48,"skipped":0,"pct":100}}
,"/Users/m.niksztat/Projects/private/ownbrowser/src/shared/filters/picker.ts": {"lines":{"total":120,"covered":120,"skipped":0,"pct":100},"functions":{"total":53,"covered":53,"skipped":0,"pct":100},"statements":{"total":145,"covered":145,"skipped":0,"pct":100},"branches":{"total":84,"covered":84,"skipped":0,"pct":100}}
,"/Users/m.niksztat/Projects/private/ownbrowser/src/shared/filters/status.ts": {"lines":{"total":3,"covered":3,"skipped":0,"pct":100},"functions":{"total":0,"covered":0,"skipped":0,"pct":100},"statements":{"total":3,"covered":3,"skipped":0,"pct":100},"branches":{"total":0,"covered":0,"skipped":0,"pct":100}}
,"/Users/m.niksztat/Projects/private/ownbrowser/src/shared/filters/user-rules-schema.ts": {"lines":{"total":5,"covered":5,"skipped":0,"pct":100},"functions":{"total":0,"covered":0,"skipped":0,"pct":100},"statements":{"total":5,"covered":5,"skipped":0,"pct":100},"branches":{"total":0,"covered":0,"skipped":0,"pct":100}}
,"/Users/m.niksztat/Projects/private/ownbrowser/src/shared/filters/user-rules.ts": {"lines":{"total":41,"covered":41,"skipped":0,"pct":100},"functions":{"total":19,"covered":19,"skipped":0,"pct":100},"statements":{"total":53,"covered":53,"skipped":0,"pct":100},"branches":{"total":26,"covered":26,"skipped":0,"pct":100}}
,"/Users/m.niksztat/Projects/private/ownbrowser/src/shared/fingerprint/apply.ts": {"lines":{"total":0,"covered":0,"skipped":0,"pct":100},"functions":{"total":0,"covered":0,"skipped":0,"pct":100},"statements":{"total":0,"covered":0,"skipped":0,"pct":100},"branches":{"total":0,"covered":0,"skipped":0,"pct":100}}
,"/Users/m.niksztat/Projects/private/ownbrowser/src/shared/fingerprint/identity.ts": {"lines":{"total":34,"covered":34,"skipped":0,"pct":100},"functions":{"total":11,"covered":11,"skipped":0,"pct":100},"statements":{"total":38,"covered":38,"skipped":0,"pct":100},"branches":{"total":12,"covered":12,"skipped":0,"pct":100}}
,"/Users/m.niksztat/Projects/private/ownbrowser/src/shared/fingerprint/mask-environment.ts": {"lines":{"total":105,"covered":105,"skipped":0,"pct":100},"functions":{"total":32,"covered":32,"skipped":0,"pct":100},"statements":{"total":130,"covered":130,"skipped":0,"pct":100},"branches":{"total":57,"covered":56,"skipped":0,"pct":98.24}}
,"/Users/m.niksztat/Projects/private/ownbrowser/src/shared/fingerprint/mask-identity.ts": {"lines":{"total":43,"covered":43,"skipped":0,"pct":100},"functions":{"total":15,"covered":15,"skipped":0,"pct":100},"statements":{"total":54,"covered":54,"skipped":0,"pct":100},"branches":{"total":20,"covered":20,"skipped":0,"pct":100}}
,"/Users/m.niksztat/Projects/private/ownbrowser/src/shared/fingerprint/mask-media.ts": {"lines":{"total":128,"covered":128,"skipped":0,"pct":100},"functions":{"total":16,"covered":16,"skipped":0,"pct":100},"statements":{"total":152,"covered":152,"skipped":0,"pct":100},"branches":{"total":86,"covered":85,"skipped":0,"pct":98.83}}
,"/Users/m.niksztat/Projects/private/ownbrowser/src/shared/fingerprint/mask-time.ts": {"lines":{"total":98,"covered":98,"skipped":0,"pct":100},"functions":{"total":20,"covered":20,"skipped":0,"pct":100},"statements":{"total":116,"covered":116,"skipped":0,"pct":100},"branches":{"total":54,"covered":53,"skipped":0,"pct":98.14}}
,"/Users/m.niksztat/Projects/private/ownbrowser/src/shared/fingerprint/page.ts": {"lines":{"total":0,"covered":0,"skipped":0,"pct":100},"functions":{"total":0,"covered":0,"skipped":0,"pct":100},"statements":{"total":0,"covered":0,"skipped":0,"pct":100},"branches":{"total":0,"covered":0,"skipped":0,"pct":100}}
,"/Users/m.niksztat/Projects/private/ownbrowser/src/shared/fingerprint/plan.ts": {"lines":{"total":19,"covered":19,"skipped":0,"pct":100},"functions":{"total":5,"covered":5,"skipped":0,"pct":100},"statements":{"total":24,"covered":24,"skipped":0,"pct":100},"branches":{"total":24,"covered":24,"skipped":0,"pct":100}}
,"/Users/m.niksztat/Projects/private/ownbrowser/src/shared/fingerprint/seed.ts": {"lines":{"total":21,"covered":21,"skipped":0,"pct":100},"functions":{"total":6,"covered":6,"skipped":0,"pct":100},"statements":{"total":23,"covered":23,"skipped":0,"pct":100},"branches":{"total":2,"covered":2,"skipped":0,"pct":100}}
,"/Users/m.niksztat/Projects/private/ownbrowser/src/shared/fingerprint/wire.ts": {"lines":{"total":7,"covered":7,"skipped":0,"pct":100},"functions":{"total":3,"covered":3,"skipped":0,"pct":100},"statements":{"total":9,"covered":9,"skipped":0,"pct":100},"branches":{"total":19,"covered":19,"skipped":0,"pct":100}}
,"/Users/m.niksztat/Projects/private/ownbrowser/src/shared/gestures/navigation.ts": {"lines":{"total":11,"covered":11,"skipped":0,"pct":100},"functions":{"total":4,"covered":4,"skipped":0,"pct":100},"statements":{"total":12,"covered":12,"skipped":0,"pct":100},"branches":{"total":17,"covered":17,"skipped":0,"pct":100}}
,"/Users/m.niksztat/Projects/private/ownbrowser/src/shared/gestures/pointer.ts": {"lines":{"total":6,"covered":6,"skipped":0,"pct":100},"functions":{"total":1,"covered":1,"skipped":0,"pct":100},"statements":{"total":9,"covered":9,"skipped":0,"pct":100},"branches":{"total":10,"covered":10,"skipped":0,"pct":100}}
,"/Users/m.niksztat/Projects/private/ownbrowser/src/shared/history/model.ts": {"lines":{"total":53,"covered":53,"skipped":0,"pct":100},"functions":{"total":25,"covered":25,"skipped":0,"pct":100},"statements":{"total":66,"covered":66,"skipped":0,"pct":100},"branches":{"total":45,"covered":45,"skipped":0,"pct":100}}
,"/Users/m.niksztat/Projects/private/ownbrowser/src/shared/history/presentation.ts": {"lines":{"total":11,"covered":11,"skipped":0,"pct":100},"functions":{"total":2,"covered":2,"skipped":0,"pct":100},"statements":{"total":13,"covered":13,"skipped":0,"pct":100},"branches":{"total":6,"covered":6,"skipped":0,"pct":100}}
,"/Users/m.niksztat/Projects/private/ownbrowser/src/shared/i18n/catalog.ts": {"lines":{"total":16,"covered":16,"skipped":0,"pct":100},"functions":{"total":5,"covered":5,"skipped":0,"pct":100},"statements":{"total":19,"covered":19,"skipped":0,"pct":100},"branches":{"total":12,"covered":12,"skipped":0,"pct":100}}
,"/Users/m.niksztat/Projects/private/ownbrowser/src/shared/i18n/schema.ts": {"lines":{"total":1,"covered":1,"skipped":0,"pct":100},"functions":{"total":0,"covered":0,"skipped":0,"pct":100},"statements":{"total":1,"covered":1,"skipped":0,"pct":100},"branches":{"total":0,"covered":0,"skipped":0,"pct":100}}
,"/Users/m.niksztat/Projects/private/ownbrowser/src/shared/ipc/channels.ts": {"lines":{"total":16,"covered":16,"skipped":0,"pct":100},"functions":{"total":6,"covered":6,"skipped":0,"pct":100},"statements":{"total":18,"covered":18,"skipped":0,"pct":100},"branches":{"total":4,"covered":4,"skipped":0,"pct":100}}
,"/Users/m.niksztat/Projects/private/ownbrowser/src/shared/ipc/contract.ts": {"lines":{"total":11,"covered":11,"skipped":0,"pct":100},"functions":{"total":0,"covered":0,"skipped":0,"pct":100},"statements":{"total":11,"covered":11,"skipped":0,"pct":100},"branches":{"total":0,"covered":0,"skipped":0,"pct":100}}
,"/Users/m.niksztat/Projects/private/ownbrowser/src/shared/media/dash.ts": {"lines":{"total":46,"covered":46,"skipped":0,"pct":100},"functions":{"total":11,"covered":11,"skipped":0,"pct":100},"statements":{"total":58,"covered":58,"skipped":0,"pct":100},"branches":{"total":50,"covered":50,"skipped":0,"pct":100}}
,"/Users/m.niksztat/Projects/private/ownbrowser/src/shared/media/detect.ts": {"lines":{"total":24,"covered":24,"skipped":0,"pct":100},"functions":{"total":2,"covered":2,"skipped":0,"pct":100},"statements":{"total":32,"covered":32,"skipped":0,"pct":100},"branches":{"total":24,"covered":24,"skipped":0,"pct":100}}
,"/Users/m.niksztat/Projects/private/ownbrowser/src/shared/media/findings.ts": {"lines":{"total":27,"covered":27,"skipped":0,"pct":100},"functions":{"total":14,"covered":14,"skipped":0,"pct":100},"statements":{"total":33,"covered":33,"skipped":0,"pct":100},"branches":{"total":40,"covered":40,"skipped":0,"pct":100}}
,"/Users/m.niksztat/Projects/private/ownbrowser/src/shared/media/hls.ts": {"lines":{"total":124,"covered":124,"skipped":0,"pct":100},"functions":{"total":15,"covered":15,"skipped":0,"pct":100},"statements":{"total":153,"covered":153,"skipped":0,"pct":100},"branches":{"total":116,"covered":116,"skipped":0,"pct":100}}
,"/Users/m.niksztat/Projects/private/ownbrowser/src/shared/media/messages.ts": {"lines":{"total":10,"covered":10,"skipped":0,"pct":100},"functions":{"total":6,"covered":6,"skipped":0,"pct":100},"statements":{"total":10,"covered":10,"skipped":0,"pct":100},"branches":{"total":0,"covered":0,"skipped":0,"pct":100}}
,"/Users/m.niksztat/Projects/private/ownbrowser/src/shared/media/model.ts": {"lines":{"total":14,"covered":14,"skipped":0,"pct":100},"functions":{"total":6,"covered":6,"skipped":0,"pct":100},"statements":{"total":18,"covered":18,"skipped":0,"pct":100},"branches":{"total":20,"covered":19,"skipped":0,"pct":95}}
,"/Users/m.niksztat/Projects/private/ownbrowser/src/shared/media/plan.ts": {"lines":{"total":26,"covered":26,"skipped":0,"pct":100},"functions":{"total":4,"covered":4,"skipped":0,"pct":100},"statements":{"total":26,"covered":26,"skipped":0,"pct":100},"branches":{"total":24,"covered":24,"skipped":0,"pct":100}}
,"/Users/m.niksztat/Projects/private/ownbrowser/src/shared/media/schema.ts": {"lines":{"total":41,"covered":41,"skipped":0,"pct":100},"functions":{"total":0,"covered":0,"skipped":0,"pct":100},"statements":{"total":41,"covered":41,"skipped":0,"pct":100},"branches":{"total":0,"covered":0,"skipped":0,"pct":100}}
,"/Users/m.niksztat/Projects/private/ownbrowser/src/shared/media/url.ts": {"lines":{"total":37,"covered":37,"skipped":0,"pct":100},"functions":{"total":8,"covered":8,"skipped":0,"pct":100},"statements":{"total":40,"covered":40,"skipped":0,"pct":100},"branches":{"total":14,"covered":14,"skipped":0,"pct":100}}
,"/Users/m.niksztat/Projects/private/ownbrowser/src/shared/media/wire.ts": {"lines":{"total":0,"covered":0,"skipped":0,"pct":100},"functions":{"total":0,"covered":0,"skipped":0,"pct":100},"statements":{"total":0,"covered":0,"skipped":0,"pct":100},"branches":{"total":0,"covered":0,"skipped":0,"pct":100}}
,"/Users/m.niksztat/Projects/private/ownbrowser/src/shared/media/xml.ts": {"lines":{"total":45,"covered":45,"skipped":0,"pct":100},"functions":{"total":12,"covered":12,"skipped":0,"pct":100},"statements":{"total":53,"covered":53,"skipped":0,"pct":100},"branches":{"total":30,"covered":30,"skipped":0,"pct":100}}
,"/Users/m.niksztat/Projects/private/ownbrowser/src/shared/overlay/permission.ts": {"lines":{"total":8,"covered":8,"skipped":0,"pct":100},"functions":{"total":3,"covered":3,"skipped":0,"pct":100},"statements":{"total":10,"covered":10,"skipped":0,"pct":100},"branches":{"total":2,"covered":2,"skipped":0,"pct":100}}
,"/Users/m.niksztat/Projects/private/ownbrowser/src/shared/overlay/surface.ts": {"lines":{"total":15,"covered":15,"skipped":0,"pct":100},"functions":{"total":6,"covered":6,"skipped":0,"pct":100},"statements":{"total":18,"covered":18,"skipped":0,"pct":100},"branches":{"total":10,"covered":10,"skipped":0,"pct":100}}
,"/Users/m.niksztat/Projects/private/ownbrowser/src/shared/quicklinks/cards.ts": {"lines":{"total":10,"covered":10,"skipped":0,"pct":100},"functions":{"total":5,"covered":5,"skipped":0,"pct":100},"statements":{"total":10,"covered":10,"skipped":0,"pct":100},"branches":{"total":6,"covered":6,"skipped":0,"pct":100}}
,"/Users/m.niksztat/Projects/private/ownbrowser/src/shared/quicklinks/model.ts": {"lines":{"total":84,"covered":84,"skipped":0,"pct":100},"functions":{"total":28,"covered":28,"skipped":0,"pct":100},"statements":{"total":104,"covered":104,"skipped":0,"pct":100},"branches":{"total":72,"covered":70,"skipped":0,"pct":97.22}}
,"/Users/m.niksztat/Projects/private/ownbrowser/src/shared/quicklinks/schema.ts": {"lines":{"total":16,"covered":16,"skipped":0,"pct":100},"functions":{"total":0,"covered":0,"skipped":0,"pct":100},"statements":{"total":16,"covered":16,"skipped":0,"pct":100},"branches":{"total":0,"covered":0,"skipped":0,"pct":100}}
,"/Users/m.niksztat/Projects/private/ownbrowser/src/shared/settings/control.ts": {"lines":{"total":1,"covered":1,"skipped":0,"pct":100},"functions":{"total":0,"covered":0,"skipped":0,"pct":100},"statements":{"total":1,"covered":1,"skipped":0,"pct":100},"branches":{"total":0,"covered":0,"skipped":0,"pct":100}}
,"/Users/m.niksztat/Projects/private/ownbrowser/src/shared/settings/definitions.ts": {"lines":{"total":14,"covered":14,"skipped":0,"pct":100},"functions":{"total":9,"covered":9,"skipped":0,"pct":100},"statements":{"total":16,"covered":16,"skipped":0,"pct":100},"branches":{"total":3,"covered":3,"skipped":0,"pct":100}}
,"/Users/m.niksztat/Projects/private/ownbrowser/src/shared/settings/sections.ts": {"lines":{"total":2,"covered":2,"skipped":0,"pct":100},"functions":{"total":0,"covered":0,"skipped":0,"pct":100},"statements":{"total":2,"covered":2,"skipped":0,"pct":100},"branches":{"total":0,"covered":0,"skipped":0,"pct":100}}
,"/Users/m.niksztat/Projects/private/ownbrowser/src/shared/shortcuts/bindings.ts": {"lines":{"total":26,"covered":26,"skipped":0,"pct":100},"functions":{"total":5,"covered":5,"skipped":0,"pct":100},"statements":{"total":33,"covered":32,"skipped":0,"pct":96.96},"branches":{"total":19,"covered":17,"skipped":0,"pct":89.47}}
,"/Users/m.niksztat/Projects/private/ownbrowser/src/shared/split/dropzones.ts": {"lines":{"total":48,"covered":48,"skipped":0,"pct":100},"functions":{"total":11,"covered":11,"skipped":0,"pct":100},"statements":{"total":54,"covered":54,"skipped":0,"pct":100},"branches":{"total":31,"covered":31,"skipped":0,"pct":100}}
,"/Users/m.niksztat/Projects/private/ownbrowser/src/shared/split/labels.ts": {"lines":{"total":2,"covered":2,"skipped":0,"pct":100},"functions":{"total":0,"covered":0,"skipped":0,"pct":100},"statements":{"total":2,"covered":2,"skipped":0,"pct":100},"branches":{"total":0,"covered":0,"skipped":0,"pct":100}}
,"/Users/m.niksztat/Projects/private/ownbrowser/src/shared/split/layout.ts": {"lines":{"total":127,"covered":127,"skipped":0,"pct":100},"functions":{"total":25,"covered":25,"skipped":0,"pct":100},"statements":{"total":146,"covered":146,"skipped":0,"pct":100},"branches":{"total":104,"covered":100,"skipped":0,"pct":96.15}}
,"/Users/m.niksztat/Projects/private/ownbrowser/src/shared/split/tile-bar.ts": {"lines":{"total":27,"covered":27,"skipped":0,"pct":100},"functions":{"total":6,"covered":6,"skipped":0,"pct":100},"statements":{"total":40,"covered":40,"skipped":0,"pct":100},"branches":{"total":34,"covered":34,"skipped":0,"pct":100}}
,"/Users/m.niksztat/Projects/private/ownbrowser/src/shared/split/tile-fill.ts": {"lines":{"total":9,"covered":9,"skipped":0,"pct":100},"functions":{"total":5,"covered":5,"skipped":0,"pct":100},"statements":{"total":11,"covered":11,"skipped":0,"pct":100},"branches":{"total":9,"covered":9,"skipped":0,"pct":100}}
,"/Users/m.niksztat/Projects/private/ownbrowser/src/shared/tabgroups/model.ts": {"lines":{"total":103,"covered":103,"skipped":0,"pct":100},"functions":{"total":53,"covered":53,"skipped":0,"pct":100},"statements":{"total":139,"covered":139,"skipped":0,"pct":100},"branches":{"total":54,"covered":54,"skipped":0,"pct":100}}
,"/Users/m.niksztat/Projects/private/ownbrowser/src/shared/tabgroups/palette.ts": {"lines":{"total":4,"covered":4,"skipped":0,"pct":100},"functions":{"total":2,"covered":2,"skipped":0,"pct":100},"statements":{"total":4,"covered":4,"skipped":0,"pct":100},"branches":{"total":0,"covered":0,"skipped":0,"pct":100}}
,"/Users/m.niksztat/Projects/private/ownbrowser/src/shared/tabgroups/schema.ts": {"lines":{"total":6,"covered":6,"skipped":0,"pct":100},"functions":{"total":0,"covered":0,"skipped":0,"pct":100},"statements":{"total":6,"covered":6,"skipped":0,"pct":100},"branches":{"total":0,"covered":0,"skipped":0,"pct":100}}
,"/Users/m.niksztat/Projects/private/ownbrowser/src/shared/tabgroups/strip.ts": {"lines":{"total":14,"covered":14,"skipped":0,"pct":100},"functions":{"total":2,"covered":2,"skipped":0,"pct":100},"statements":{"total":17,"covered":17,"skipped":0,"pct":100},"branches":{"total":24,"covered":24,"skipped":0,"pct":100}}
,"/Users/m.niksztat/Projects/private/ownbrowser/src/shared/thumbnails/model.ts": {"lines":{"total":76,"covered":76,"skipped":0,"pct":100},"functions":{"total":22,"covered":22,"skipped":0,"pct":100},"statements":{"total":85,"covered":85,"skipped":0,"pct":100},"branches":{"total":44,"covered":44,"skipped":0,"pct":100}}
,"/Users/m.niksztat/Projects/private/ownbrowser/src/shared/ui/anchor.ts": {"lines":{"total":18,"covered":18,"skipped":0,"pct":100},"functions":{"total":1,"covered":1,"skipped":0,"pct":100},"statements":{"total":18,"covered":18,"skipped":0,"pct":100},"branches":{"total":17,"covered":17,"skipped":0,"pct":100}}
,"/Users/m.niksztat/Projects/private/ownbrowser/src/shared/url/domain.ts": {"lines":{"total":32,"covered":32,"skipped":0,"pct":100},"functions":{"total":10,"covered":10,"skipped":0,"pct":100},"statements":{"total":41,"covered":41,"skipped":0,"pct":100},"branches":{"total":24,"covered":24,"skipped":0,"pct":100}}
,"/Users/m.niksztat/Projects/private/ownbrowser/src/shared/url/omnibox.ts": {"lines":{"total":64,"covered":64,"skipped":0,"pct":100},"functions":{"total":8,"covered":8,"skipped":0,"pct":100},"statements":{"total":77,"covered":76,"skipped":0,"pct":98.7},"branches":{"total":72,"covered":69,"skipped":0,"pct":95.83}}
,"/Users/m.niksztat/Projects/private/ownbrowser/src/shared/url/tracking-params.ts": {"lines":{"total":26,"covered":26,"skipped":0,"pct":100},"functions":{"total":6,"covered":6,"skipped":0,"pct":100},"statements":{"total":35,"covered":35,"skipped":0,"pct":100},"branches":{"total":18,"covered":18,"skipped":0,"pct":100}}
}
